
FILE: /srv/www/tinyauth/index.php
-------------------------------------------------------------------------------
FOUND 0 ERRORS AND 3 WARNINGS AFFECTING 3 LINES
-------------------------------------------------------------------------------
 37 | WARNING | Crypto function password_verify used.
 61 | WARNING | Filesystem function file_get_contents() detected with dynamic
    |         | parameter
 68 | WARNING | Crypto function password_hash used.
-------------------------------------------------------------------------------


FILE: /srv/www/tinyauth/authenticate.php
----------------------------------------------------------------------
FOUND 0 ERRORS AND 6 WARNINGS AFFECTING 5 LINES
----------------------------------------------------------------------
 11 | WARNING | Crypto function openssl_get_publickey used.
 28 | WARNING | Crypto function hash_pbkdf2 used.
 29 | WARNING | Crypto function openssl_verify used.
 29 | WARNING | Crypto function openssl_get_md_methods used.
 36 | WARNING | Crypto function openssl_free_key used.
 55 | WARNING | Possible XSS detected with json_encode on echo
----------------------------------------------------------------------

Time: 111ms; Memory: 4MB

